app/build/intermediates/manifest_merge_blame_file/debug/manifest-merger-blame-debug-report.txt
1<?xml version="1.0" encoding="utf-8"?>
2<manifest xmlns:android="http://schemas.android.com/apk/res/android"
3    package="com.maxi.dogapi"
4    android:versionCode="1"
5    android:versionName="1.0" >
6
7    <uses-sdk
8        android:minSdkVersion="23"
8-->src/main/AndroidManifest.xml
9        android:targetSdkVersion="30" />
9-->src/main/AndroidManifest.xml
10
11    <uses-permission android:name="android.permission.ACCESS_NETWORK_STATE" />
11-->src/main/AndroidManifest.xml:5:5-78
11-->src/main/AndroidManifest.xml:5:22-76
12    <uses-permission android:name="android.permission.INTERNET" />
12-->src/main/AndroidManifest.xml:6:5-66
12-->src/main/AndroidManifest.xml:6:22-64
13    <uses-permission android:name="android.permission.READ_EXTERNAL_STORAGE" />
13-->src/main/AndroidManifest.xml:7:5-79
13-->src/main/AndroidManifest.xml:7:22-77
14    <uses-permission android:name="android.permission.WRITE_EXTERNAL_STORAGE" />
14-->src/main/AndroidManifest.xml:8:5-81
14-->src/main/AndroidManifest.xml:8:22-78
15    <uses-permission android:name="android.permission.MANAGE_EXTERNAL_STORAGE" />
15-->src/main/AndroidManifest.xml:9:5-82
15-->src/main/AndroidManifest.xml:9:22-79
16
17    <application
17-->src/main/AndroidManifest.xml:11:5-27:19
18        android:name="com.maxi.dogapi.DogApplication"
18-->src/main/AndroidManifest.xml:12:13-43
19        android:allowBackup="true"
19-->src/main/AndroidManifest.xml:13:13-39
20        android:appComponentFactory="androidx.core.app.CoreComponentFactory"
20-->[androidx.core:core:1.5.0] AndroidManifest.xml:24:18-86
21        android:debuggable="true"
22        android:extractNativeLibs="false"
23        android:icon="@mipmap/ic_launcher"
23-->src/main/AndroidManifest.xml:14:13-47
24        android:label="@string/app_name"
24-->src/main/AndroidManifest.xml:15:13-45
25        android:requestLegacyExternalStorage="true"
25-->src/main/AndroidManifest.xml:19:13-56
26        android:roundIcon="@mipmap/ic_launcher_round"
26-->src/main/AndroidManifest.xml:16:13-58
27        android:supportsRtl="true"
27-->src/main/AndroidManifest.xml:17:13-39
28        android:testOnly="true"
29        android:theme="@style/Theme.DogAPI" >
29-->src/main/AndroidManifest.xml:18:13-48
30        <activity android:name="com.maxi.dogapi.MainActivity" >
30-->src/main/AndroidManifest.xml:20:9-26:20
30-->src/main/AndroidManifest.xml:20:19-47
31            <intent-filter>
31-->src/main/AndroidManifest.xml:21:13-25:29
32                <action android:name="android.intent.action.MAIN" />
32-->src/main/AndroidManifest.xml:22:17-68
32-->src/main/AndroidManifest.xml:22:25-66
33
34                <category android:name="android.intent.category.LAUNCHER" />
34-->src/main/AndroidManifest.xml:24:17-76
34-->src/main/AndroidManifest.xml:24:27-74
35            </intent-filter>
36        </activity>
37
38        <meta-data
38-->[com.google.android.gms:play-services-basement:16.0.1] AndroidManifest.xml:23:9-25:69
39            android:name="com.google.android.gms.version"
39-->[com.google.android.gms:play-services-basement:16.0.1] AndroidManifest.xml:24:13-58
40            android:value="@integer/google_play_services_version" />
40-->[com.google.android.gms:play-services-basement:16.0.1] AndroidManifest.xml:25:13-66
41
42        <provider
42-->[androidx.lifecycle:lifecycle-process:2.2.0] AndroidManifest.xml:25:9-29:43
43            android:name="androidx.lifecycle.ProcessLifecycleOwnerInitializer"
43-->[androidx.lifecycle:lifecycle-process:2.2.0] AndroidManifest.xml:26:13-79
44            android:authorities="com.maxi.dogapi.lifecycle-process"
44-->[androidx.lifecycle:lifecycle-process:2.2.0] AndroidManifest.xml:27:13-69
45            android:exported="false"
45-->[androidx.lifecycle:lifecycle-process:2.2.0] AndroidManifest.xml:28:13-37
46            android:multiprocess="true" />
46-->[androidx.lifecycle:lifecycle-process:2.2.0] AndroidManifest.xml:29:13-40
47    </application>
48
49</manifest>